<?xml version="1.0" encoding="UTF-8"?>
<coverage generated="1761147560080" clover="3.2.0">
  <project timestamp="1761147560080" name="All files">
    <metrics statements="29" coveredstatements="9" conditionals="33" coveredconditionals="0" methods="12" coveredmethods="1" elements="74" coveredelements="10" complexity="0" loc="29" ncloc="29" packages="1" files="1" classes="1"/>
    <file name="Login.jsx" path="C:\Users\rizar\OneDrive\Documents\sandbox-fix\lok\frontend-hiring-app\src\pages\Login.jsx">
      <metrics statements="29" coveredstatements="9" conditionals="33" coveredconditionals="0" methods="12" coveredmethods="1"/>
      <line num="5" count="11" type="stmt"/>
      <line num="6" count="10" type="stmt"/>
      <line num="7" count="10" type="stmt"/>
      <line num="8" count="10" type="stmt"/>
      <line num="9" count="10" type="stmt"/>
      <line num="11" count="10" type="stmt"/>
      <line num="12" count="0" type="stmt"/>
      <line num="13" count="0" type="stmt"/>
      <line num="14" count="0" type="cond" truecount="0" falsecount="2"/>
      <line num="15" count="0" type="stmt"/>
      <line num="18" count="10" type="stmt"/>
      <line num="19" count="0" type="cond" truecount="0" falsecount="4"/>
      <line num="20" count="0" type="stmt"/>
      <line num="21" count="0" type="stmt"/>
      <line num="22" count="0" type="stmt"/>
      <line num="25" count="0" type="stmt"/>
      <line num="26" count="0" type="cond" truecount="0" falsecount="2"/>
      <line num="29" count="0" type="cond" truecount="0" falsecount="2"/>
      <line num="30" count="0" type="stmt"/>
      <line num="31" count="0" type="cond" truecount="0" falsecount="2"/>
      <line num="33" count="0" type="stmt"/>
      <line num="37" count="10" type="stmt"/>
      <line num="38" count="0" type="stmt"/>
      <line num="39" count="0" type="cond" truecount="0" falsecount="2"/>
      <line num="42" count="10" type="stmt"/>
      <line num="58" count="0" type="stmt"/>
      <line num="59" count="0" type="stmt"/>
      <line num="77" count="0" type="stmt"/>
      <line num="78" count="0" type="stmt"/>
    </file>
  </project>
</coverage>
