{"C:\\Users\\rizar\\OneDrive\\Documents\\sandbox-fix\\lok\\frontend-hiring-app\\src\\pages\\Login.jsx": {"path":"C:\\Users\\rizar\\OneDrive\\Documents\\sandbox-fix\\lok\\frontend-hiring-app\\src\\pages\\Login.jsx","statementMap":{"0":{"start":{"line":5,"column":26},"end":{"line":5,"column":66}},"1":{"start":{"line":6,"column":32},"end":{"line":6,"column":78}},"2":{"start":{"line":7,"column":28},"end":{"line":7,"column":40}},"3":{"start":{"line":8,"column":28},"end":{"line":8,"column":40}},"4":{"start":{"line":9,"column":19},"end":{"line":9,"column":32}},"5":{"start":{"line":11,"column":2},"end":{"line":16,"column":9}},"6":{"start":{"line":12,"column":4},"end":{"line":15,"column":58}},"7":{"start":{"line":13,"column":21},"end":{"line":13,"column":31}},"8":{"start":{"line":14,"column":22},"end":{"line":14,"column":48}},"9":{"start":{"line":15,"column":19},"end":{"line":15,"column":56}},"10":{"start":{"line":18,"column":22},"end":{"line":35,"column":3}},"11":{"start":{"line":19,"column":4},"end":{"line":23,"column":5}},"12":{"start":{"line":20,"column":6},"end":{"line":20,"column":53}},"13":{"start":{"line":21,"column":6},"end":{"line":21,"column":44}},"14":{"start":{"line":22,"column":6},"end":{"line":22,"column":13}},"15":{"start":{"line":25,"column":18},"end":{"line":27,"column":5}},"16":{"start":{"line":26,"column":13},"end":{"line":26,"column":73}},"17":{"start":{"line":29,"column":4},"end":{"line":34,"column":5}},"18":{"start":{"line":30,"column":6},"end":{"line":30,"column":58}},"19":{"start":{"line":31,"column":6},"end":{"line":31,"column":65}},"20":{"start":{"line":33,"column":6},"end":{"line":33,"column":38}},"21":{"start":{"line":37,"column":23},"end":{"line":40,"column":3}},"22":{"start":{"line":38,"column":4},"end":{"line":38,"column":41}},"23":{"start":{"line":39,"column":4},"end":{"line":39,"column":37}},"24":{"start":{"line":39,"column":24},"end":{"line":39,"column":37}},"25":{"start":{"line":42,"column":2},"end":{"line":97,"column":4}},"26":{"start":{"line":58,"column":29},"end":{"line":58,"column":69}},"27":{"start":{"line":59,"column":26},"end":{"line":59,"column":68}},"28":{"start":{"line":77,"column":29},"end":{"line":77,"column":69}},"29":{"start":{"line":78,"column":26},"end":{"line":78,"column":68}}},"fnMap":{"0":{"name":"Login","decl":{"start":{"line":4,"column":24},"end":{"line":4,"column":29}},"loc":{"start":{"line":4,"column":32},"end":{"line":98,"column":1}},"line":4},"1":{"name":"(anonymous_1)","decl":{"start":{"line":11,"column":12},"end":{"line":11,"column":13}},"loc":{"start":{"line":11,"column":18},"end":{"line":16,"column":3}},"line":11},"2":{"name":"(anonymous_2)","decl":{"start":{"line":13,"column":12},"end":{"line":13,"column":13}},"loc":{"start":{"line":13,"column":21},"end":{"line":13,"column":31}},"line":13},"3":{"name":"(anonymous_3)","decl":{"start":{"line":14,"column":12},"end":{"line":14,"column":13}},"loc":{"start":{"line":14,"column":22},"end":{"line":14,"column":48}},"line":14},"4":{"name":"(anonymous_4)","decl":{"start":{"line":15,"column":13},"end":{"line":15,"column":14}},"loc":{"start":{"line":15,"column":19},"end":{"line":15,"column":56}},"line":15},"5":{"name":"(anonymous_5)","decl":{"start":{"line":18,"column":22},"end":{"line":18,"column":23}},"loc":{"start":{"line":18,"column":28},"end":{"line":35,"column":3}},"line":18},"6":{"name":"(anonymous_6)","decl":{"start":{"line":26,"column":6},"end":{"line":26,"column":7}},"loc":{"start":{"line":26,"column":13},"end":{"line":26,"column":73}},"line":26},"7":{"name":"(anonymous_7)","decl":{"start":{"line":37,"column":23},"end":{"line":37,"column":24}},"loc":{"start":{"line":37,"column":41},"end":{"line":40,"column":3}},"line":37},"8":{"name":"(anonymous_8)","decl":{"start":{"line":58,"column":22},"end":{"line":58,"column":23}},"loc":{"start":{"line":58,"column":29},"end":{"line":58,"column":69}},"line":58},"9":{"name":"(anonymous_9)","decl":{"start":{"line":59,"column":20},"end":{"line":59,"column":21}},"loc":{"start":{"line":59,"column":26},"end":{"line":59,"column":68}},"line":59},"10":{"name":"(anonymous_10)","decl":{"start":{"line":77,"column":22},"end":{"line":77,"column":23}},"loc":{"start":{"line":77,"column":29},"end":{"line":77,"column":69}},"line":77},"11":{"name":"(anonymous_11)","decl":{"start":{"line":78,"column":20},"end":{"line":78,"column":21}},"loc":{"start":{"line":78,"column":26},"end":{"line":78,"column":68}},"line":78}},"branchMap":{"0":{"loc":{"start":{"line":14,"column":31},"end":{"line":14,"column":47}},"type":"binary-expr","locations":[{"start":{"line":14,"column":31},"end":{"line":14,"column":41}},{"start":{"line":14,"column":45},"end":{"line":14,"column":47}}],"line":14},"1":{"loc":{"start":{"line":19,"column":4},"end":{"line":23,"column":5}},"type":"if","locations":[{"start":{"line":19,"column":4},"end":{"line":23,"column":5}},{"start":{},"end":{}}],"line":19},"2":{"loc":{"start":{"line":19,"column":8},"end":{"line":19,"column":40}},"type":"binary-expr","locations":[{"start":{"line":19,"column":8},"end":{"line":19,"column":22}},{"start":{"line":19,"column":26},"end":{"line":19,"column":40}}],"line":19},"3":{"loc":{"start":{"line":26,"column":13},"end":{"line":26,"column":73}},"type":"binary-expr","locations":[{"start":{"line":26,"column":13},"end":{"line":26,"column":41}},{"start":{"line":26,"column":45},"end":{"line":26,"column":73}}],"line":26},"4":{"loc":{"start":{"line":29,"column":4},"end":{"line":34,"column":5}},"type":"if","locations":[{"start":{"line":29,"column":4},"end":{"line":34,"column":5}},{"start":{"line":32,"column":11},"end":{"line":34,"column":5}}],"line":29},"5":{"loc":{"start":{"line":31,"column":15},"end":{"line":31,"column":63}},"type":"cond-expr","locations":[{"start":{"line":31,"column":40},"end":{"line":31,"column":53}},{"start":{"line":31,"column":56},"end":{"line":31,"column":63}}],"line":31},"6":{"loc":{"start":{"line":39,"column":4},"end":{"line":39,"column":37}},"type":"if","locations":[{"start":{"line":39,"column":4},"end":{"line":39,"column":37}},{"start":{},"end":{}}],"line":39},"7":{"loc":{"start":{"line":53,"column":14},"end":{"line":55,"column":75}},"type":"cond-expr","locations":[{"start":{"line":54,"column":18},"end":{"line":54,"column":74}},{"start":{"line":55,"column":18},"end":{"line":55,"column":75}}],"line":53},"8":{"loc":{"start":{"line":53,"column":14},"end":{"line":53,"column":48}},"type":"binary-expr","locations":[{"start":{"line":53,"column":14},"end":{"line":53,"column":28}},{"start":{"line":53,"column":32},"end":{"line":53,"column":48}}],"line":53},"9":{"loc":{"start":{"line":61,"column":11},"end":{"line":65,"column":11}},"type":"binary-expr","locations":[{"start":{"line":61,"column":11},"end":{"line":61,"column":25}},{"start":{"line":61,"column":29},"end":{"line":61,"column":45}},{"start":{"line":62,"column":12},"end":{"line":64,"column":16}}],"line":61},"10":{"loc":{"start":{"line":72,"column":14},"end":{"line":74,"column":75}},"type":"cond-expr","locations":[{"start":{"line":73,"column":18},"end":{"line":73,"column":74}},{"start":{"line":74,"column":18},"end":{"line":74,"column":75}}],"line":72},"11":{"loc":{"start":{"line":72,"column":14},"end":{"line":72,"column":48}},"type":"binary-expr","locations":[{"start":{"line":72,"column":14},"end":{"line":72,"column":28}},{"start":{"line":72,"column":32},"end":{"line":72,"column":48}}],"line":72},"12":{"loc":{"start":{"line":80,"column":11},"end":{"line":84,"column":11}},"type":"binary-expr","locations":[{"start":{"line":80,"column":11},"end":{"line":80,"column":25}},{"start":{"line":80,"column":29},"end":{"line":80,"column":45}},{"start":{"line":81,"column":12},"end":{"line":83,"column":16}}],"line":80},"13":{"loc":{"start":{"line":86,"column":9},"end":{"line":88,"column":9}},"type":"binary-expr","locations":[{"start":{"line":86,"column":9},"end":{"line":86,"column":14}},{"start":{"line":86,"column":18},"end":{"line":86,"column":53}},{"start":{"line":87,"column":10},"end":{"line":87,"column":74}}],"line":86},"14":{"loc":{"start":{"line":86,"column":20},"end":{"line":86,"column":52}},"type":"binary-expr","locations":[{"start":{"line":86,"column":20},"end":{"line":86,"column":34}},{"start":{"line":86,"column":38},"end":{"line":86,"column":52}}],"line":86}},"s":{"0":11,"1":10,"2":10,"3":10,"4":10,"5":10,"6":0,"7":0,"8":0,"9":0,"10":10,"11":0,"12":0,"13":0,"14":0,"15":0,"16":0,"17":0,"18":0,"19":0,"20":0,"21":10,"22":0,"23":0,"24":0,"25":10,"26":0,"27":0,"28":0,"29":0},"f":{"0":11,"1":0,"2":0,"3":0,"4":0,"5":0,"6":0,"7":0,"8":0,"9":0,"10":0,"11":0},"b":{"0":[0,0],"1":[0,0],"2":[0,0],"3":[0,0],"4":[0,0],"5":[0,0],"6":[0,0],"7":[0,0],"8":[0,0],"9":[0,0,0],"10":[0,0],"11":[0,0],"12":[0,0,0],"13":[0,0,0],"14":[0,0]},"_coverageSchema":"1a1c01bbd47fc00a2c39e90264f33305004495a9","hash":"bf51b84d5117333e96c5a3214f4d9133186510c0"}
}
