TN:
SF:pages\Login.jsx
FN:4,Login
FN:11,(anonymous_1)
FN:13,(anonymous_2)
FN:14,(anonymous_3)
FN:15,(anonymous_4)
FN:18,(anonymous_5)
FN:26,(anonymous_6)
FN:37,(anonymous_7)
FN:58,(anonymous_8)
FN:59,(anonymous_9)
FN:77,(anonymous_10)
FN:78,(anonymous_11)
FNF:12
FNH:1
FNDA:11,Login
FNDA:0,(anonymous_1)
FNDA:0,(anonymous_2)
FNDA:0,(anonymous_3)
FNDA:0,(anonymous_4)
FNDA:0,(anonymous_5)
FNDA:0,(anonymous_6)
FNDA:0,(anonymous_7)
FNDA:0,(anonymous_8)
FNDA:0,(anonymous_9)
FNDA:0,(anonymous_10)
FNDA:0,(anonymous_11)
DA:5,11
DA:6,10
DA:7,10
DA:8,10
DA:9,10
DA:11,10
DA:12,0
DA:13,0
DA:14,0
DA:15,0
DA:18,10
DA:19,0
DA:20,0
DA:21,0
DA:22,0
DA:25,0
DA:26,0
DA:29,0
DA:30,0
DA:31,0
DA:33,0
DA:37,10
DA:38,0
DA:39,0
DA:42,10
DA:58,0
DA:59,0
DA:77,0
DA:78,0
LF:29
LH:9
BRDA:14,0,0,0
BRDA:14,0,1,0
BRDA:19,1,0,0
BRDA:19,1,1,0
BRDA:19,2,0,0
BRDA:19,2,1,0
BRDA:26,3,0,0
BRDA:26,3,1,0
BRDA:29,4,0,0
BRDA:29,4,1,0
BRDA:31,5,0,0
BRDA:31,5,1,0
BRDA:39,6,0,0
BRDA:39,6,1,0
BRDA:53,7,0,0
BRDA:53,7,1,0
BRDA:53,8,0,0
BRDA:53,8,1,0
BRDA:61,9,0,0
BRDA:61,9,1,0
BRDA:61,9,2,0
BRDA:72,10,0,0
BRDA:72,10,1,0
BRDA:72,11,0,0
BRDA:72,11,1,0
BRDA:80,12,0,0
BRDA:80,12,1,0
BRDA:80,12,2,0
BRDA:86,13,0,0
BRDA:86,13,1,0
BRDA:86,13,2,0
BRDA:86,14,0,0
BRDA:86,14,1,0
BRF:33
BRH:0
end_of_record
